<?xml version="1.0" encoding="UTF-8"?>
<testsuite xmlns:xsi="http://www.w3.org/2001/XMLSchema-instance" xsi:noNamespaceSchemaLocation="https://maven.apache.org/surefire/maven-surefire-plugin/xsd/surefire-test-report-3.0.xsd" version="3.0" name="com.turniermanagement.db.PlayerDAOTest" time="0.219" tests="7" errors="0" skipped="0" failures="0">
  <properties>
[...]
</properties>
  <testcase name="testFindAllPlayers" classname="com.turniermanagement.db.PlayerDAOTest" time="0.019"/>
  <testcase name="testPlayerTournamentRelationship" classname="com.turniermanagement.db.PlayerDAOTest" time="0.131"/>
  <testcase name="testUpdatePlayer" classname="com.turniermanagement.db.PlayerDAOTest" time="0.011"/>
  <testcase name="testDeletePlayer" classname="com.turniermanagement.db.PlayerDAOTest" time="0.011"/>
  <testcase name="testSavePlayer" classname="com.turniermanagement.db.PlayerDAOTest" time="0.008"/>
  <testcase name="testPlayerRankingInTournament" classname="com.turniermanagement.db.PlayerDAOTest" time="0.012"/>
  <testcase name="testFindByIdNonExistent" classname="com.turniermanagement.db.PlayerDAOTest" time="0.007"/>
</testsuite>